<?xml version="1.0" encoding="UTF-8"?>
<!-- Generated by org.testng.reporters.JUnitReportReporter -->
<testsuite skipped="1" hostname="DESKTOP-1NB2K1E" name="parametersTest.datadriventest" tests="1" failures="0" timestamp="07 Jul 2019 21:59:33 GMT" time="0.000" errors="0">
  <testcase name="register" time="0.000" classname="parametersTest.datadriventest">
    <skipped/>
  </testcase> <!-- register -->
</testsuite> <!-- parametersTest.datadriventest -->
