<?xml version="1.0" encoding="UTF-8"?>
<!-- Generated by org.testng.reporters.JUnitReportReporter -->
<testsuite skipped="0" hostname="DESKTOP-1NB2K1E" name="testNG.testbrowser" tests="3" failures="0" timestamp="06 Jul 2019 01:21:17 GMT" time="23.303" errors="0">
  <testcase name="serch" time="8.851" classname="testNG.testbrowser"/>
  <testcase name="logo" time="7.261" classname="testNG.testbrowser"/>
  <testcase name="serch1" time="7.191" classname="testNG.testbrowser"/>
</testsuite> <!-- testNG.testbrowser -->
