<?xml version="1.0" encoding="UTF-8"?>
<!-- Generated by org.testng.reporters.JUnitReportReporter -->
<testsuite skipped="0" hostname="DESKTOP-1NB2K1E" name="testNG.multip" tests="1" failures="0" timestamp="06 Jul 2019 03:04:31 GMT" time="0.001" errors="0">
  <testcase name="add" time="0.001" classname="testNG.multip"/>
</testsuite> <!-- testNG.multip -->
