<?xml version="1.0" encoding="UTF-8"?>
<!-- Generated by org.testng.reporters.JUnitReportReporter -->
<testsuite skipped="0" hostname="DESKTOP-1NB2K1E" name="parametersTest.yahooParameters" tests="1" failures="0" timestamp="06 Jul 2019 04:56:51 GMT" time="15.071" errors="0">
  <testcase name="yahooP" time="15.071" classname="parametersTest.yahooParameters"/>
</testsuite> <!-- parametersTest.yahooParameters -->
